Using pre-set license
Built from '2020.2/staging' branch; Version is '2020.2.7f1 (c53830e277f1) revision 12924976'; Using compiler version '192528614'; Build Type 'Release'
OS: 'Windows 10 Home Single Language; OS build 19043.1466; Version 2009; 64bit' Language: 'ru' Physical Memory: 3977 MB
BatchMode: 1, IsHumanControllingUs: 0, StartBugReporterOnCrash: 0, Is64bit: 1, IsPro: 0

 COMMAND LINE ARGUMENTS:
C:\Program Files\Unity\Editor\Unity.exe
-adb2
-batchMode
-noUpm
-name
AssetImportWorker0
-projectPath
C:/Users/79320/My project (3)
-logFile
Logs/AssetImportWorker0.log
-srvPort
65153
Successfully changed project path to: C:/Users/79320/My project (3)
C:/Users/79320/My project (3)
Using Asset Import Pipeline V2.
Refreshing native plugins compatible for Editor in 214.94 ms, found 0 plugins.
Preloading 0 native plugins for Editor in 0.00 ms.
Initialize engine version: 2020.2.7f1 (c53830e277f1)
[Subsystems] Discovering subsystems at path C:/Program Files/Unity/Editor/Data/Resources/UnitySubsystems
[Subsystems] Discovering subsystems at path C:/Users/79320/My project (3)/Assets
GfxDevice: creating device client; threaded=0
Direct3D:
    Version:  Direct3D 11.0 [level 11.1]
    Renderer: AMD Radeon(TM) R4 Graphics (ID=0x98e4)
    Vendor:   
    VRAM:     1988 MB
    Driver:   27.20.15030.3002
Initialize mono
Mono path[0] = 'C:/Program Files/Unity/Editor/Data/Managed'
Mono path[1] = 'C:/Program Files/Unity/Editor/Data/MonoBleedingEdge/lib/mono/unityjit'
Mono config path = 'C:/Program Files/Unity/Editor/Data/MonoBleedingEdge/etc'
Using monoOptions --debugger-agent=transport=dt_socket,embedding=1,server=y,suspend=n,address=127.0.0.1:56968
Begin MonoManager ReloadAssembly
Registering precompiled unity dll's ...
Register platform support module: C:/Program Files/Unity/Editor/Data/PlaybackEngines/WindowsStandaloneSupport/UnityEditor.WindowsStandalone.Extensions.dll
Registered in 0.014218 seconds.
Native extension for WindowsStandalone target not found
Refreshing native plugins compatible for Editor in 68.49 ms, found 0 plugins.
Preloading 0 native plugins for Editor in 0.00 ms.
Invoked RoslynAnalysisRunner static constructor.
RoslynAnalysisRunner will not be running.
RoslynAnalysisRunner has terminated.
Mono: successfully reloaded assembly
- Completed reload, in  7.600 seconds
Platform modules already initialized, skipping
Registering precompiled user dll's ...
Registered in 0.004536 seconds.
Begin MonoManager ReloadAssembly
Native extension for WindowsStandalone target not found
Refreshing native plugins compatible for Editor in 0.55 ms, found 0 plugins.
Preloading 0 native plugins for Editor in 0.00 ms.
Invoked RoslynAnalysisRunner static constructor.
RoslynAnalysisRunner will not be running.
RoslynAnalysisRunner has terminated.
Mono: successfully reloaded assembly
- Completed reload, in  3.166 seconds
Platform modules already initialized, skipping
========================================================================
Worker process is ready to serve import requests
Launched and connected shader compiler UnityShaderCompiler.exe after 0.20 seconds
Refreshing native plugins compatible for Editor in 1.69 ms, found 0 plugins.
Preloading 0 native plugins for Editor in 0.00 ms.
Unloading 1267 Unused Serialized files (Serialized files now loaded: 0)
System memory in use before: 62.0 MB.
System memory in use after: 62.0 MB.

Unloading 9 unused Assets to reduce memory usage. Loaded Objects now: 1717.
Total: 5.883000 ms (FindLiveObjects: 0.381400 ms CreateObjectMapping: 0.081600 ms MarkObjects: 5.270400 ms  DeleteObjects: 0.146600 ms)

========================================================================
Received Import Request.
  path: Assets/Scenes/_LoadScene.unity
  artifactKey: Guid(e7f88b668863543469fef5ff6268cb64) Importer(815301076,1909f56bfc062723c751e8b465ee728b)
Start importing Assets/Scenes/_LoadScene.unity using Guid(e7f88b668863543469fef5ff6268cb64) Importer(815301076,1909f56bfc062723c751e8b465ee728b)  -> (artifact id: '06a46ad81f2cc011dd9c7d639d415e2d') in 0.047287 seconds
  Import took 0.053709 seconds .

========================================================================
Received Prepare
Refreshing native plugins compatible for Editor in 10.42 ms, found 0 plugins.
Preloading 0 native plugins for Editor in 0.00 ms.
Unloading 2 Unused Serialized files (Serialized files now loaded: 0)
System memory in use before: 36.7 MB.
System memory in use after: 36.8 MB.

Unloading 2 unused Assets to reduce memory usage. Loaded Objects now: 1717.
Total: 9.165000 ms (FindLiveObjects: 0.695200 ms CreateObjectMapping: 0.716300 ms MarkObjects: 7.594800 ms  DeleteObjects: 0.153400 ms)

========================================================================
Received Import Request.
  Time since last request: 4368.213454 seconds.
  path: Assets/Scenes/Load.unity
  artifactKey: Guid(cd76fe4a386e1d540ac02409f2cd42a1) Importer(815301076,1909f56bfc062723c751e8b465ee728b)
Start importing Assets/Scenes/Load.unity using Guid(cd76fe4a386e1d540ac02409f2cd42a1) Importer(815301076,1909f56bfc062723c751e8b465ee728b)  -> (artifact id: '1801959a8e8bfb668c5bbd2c40d13166') in 0.034817 seconds
  Import took 0.044814 seconds .

========================================================================
Received Import Request.
  Time since last request: 235.404841 seconds.
  path: Assets/Scenes/Load.unity
  artifactKey: Guid(cd76fe4a386e1d540ac02409f2cd42a1) Importer(815301076,1909f56bfc062723c751e8b465ee728b)
Start importing Assets/Scenes/Load.unity using Guid(cd76fe4a386e1d540ac02409f2cd42a1) Importer(815301076,1909f56bfc062723c751e8b465ee728b)  -> (artifact id: 'c668cda3c22836de3ace49000ecb6c87') in 0.028929 seconds
  Import took 0.049881 seconds .

========================================================================
Received Import Request.
  Time since last request: 1014.852462 seconds.
  path: Assets/UI/progressbar.png
  artifactKey: Guid(8c44b717442b75a4eb68369fbc66a357) Importer(815301076,1909f56bfc062723c751e8b465ee728b)
Start importing Assets/UI/progressbar.png using Guid(8c44b717442b75a4eb68369fbc66a357) Importer(815301076,1909f56bfc062723c751e8b465ee728b)  -> (artifact id: '14d3a1945aa3a6a708b496f2154aeb23') in 0.867127 seconds
  Import took 0.977135 seconds .

========================================================================
Received Import Request.
  Time since last request: 14.012250 seconds.
  path: Assets/UI/progressbar.png
  artifactKey: Guid(8c44b717442b75a4eb68369fbc66a357) Importer(815301076,1909f56bfc062723c751e8b465ee728b)
Start importing Assets/UI/progressbar.png using Guid(8c44b717442b75a4eb68369fbc66a357) Importer(815301076,1909f56bfc062723c751e8b465ee728b)  -> (artifact id: 'b6b20421184cb34095a9de4279b0345a') in 0.311472 seconds
  Import took 0.341581 seconds .

========================================================================
Received Import Request.
  Time since last request: 84.601166 seconds.
  path: Assets/Bearded Man Studios Inc/Editor/Resources/logoDark.png
  artifactKey: Guid(85d1fc28a39872d4b8c1a70af4403281) Importer(815301076,1909f56bfc062723c751e8b465ee728b)
Start importing Assets/Bearded Man Studios Inc/Editor/Resources/logoDark.png using Guid(85d1fc28a39872d4b8c1a70af4403281) Importer(815301076,1909f56bfc062723c751e8b465ee728b)  -> (artifact id: '40e81d8fef40f3461f463a12272dc1bf') in 0.201710 seconds
  Import took 0.263629 seconds .

========================================================================
Received Import Request.
  Time since last request: 0.001500 seconds.
  path: Assets/Bearded Man Studios Inc/Editor/Resources/logoLight.png
  artifactKey: Guid(cd2db5071d8a1744aa7023794e530a8e) Importer(815301076,1909f56bfc062723c751e8b465ee728b)
Start importing Assets/Bearded Man Studios Inc/Editor/Resources/logoLight.png using Guid(cd2db5071d8a1744aa7023794e530a8e) Importer(815301076,1909f56bfc062723c751e8b465ee728b)  -> (artifact id: '51ab5cf82d495787014c1d8348082b6a') in 0.186886 seconds
  Import took 0.205505 seconds .

========================================================================
Received Import Request.
  Time since last request: 177.859899 seconds.
  path: Assets/Scene Transition
  artifactKey: Guid(b3065f197a75e2041bacbf7604fafc21) Importer(815301076,1909f56bfc062723c751e8b465ee728b)
Start importing Assets/Scene Transition using Guid(b3065f197a75e2041bacbf7604fafc21) Importer(815301076,1909f56bfc062723c751e8b465ee728b)  -> (artifact id: '02bfde670da8d7c623c0ed476d09915c') in 0.047467 seconds
  Import took 0.060401 seconds .

========================================================================
Received Import Request.
  Time since last request: 28.357273 seconds.
  path: Assets/Scene Transition/Scene Transition.controller
  artifactKey: Guid(479b8b29b5b17674fac9cc4216b911a1) Importer(815301076,1909f56bfc062723c751e8b465ee728b)
Start importing Assets/Scene Transition/Scene Transition.controller using Guid(479b8b29b5b17674fac9cc4216b911a1) Importer(815301076,1909f56bfc062723c751e8b465ee728b)  -> (artifact id: 'dbb25b7a34951306685831eb68dc8ca5') in 0.099777 seconds
  Import took 0.120351 seconds .

========================================================================
Received Import Request.
  Time since last request: 796.089682 seconds.
  path: Assets/Scene Transition/Scene Start.anim
  artifactKey: Guid(fbb3f4f62620b2b478a692710c346d01) Importer(815301076,1909f56bfc062723c751e8b465ee728b)
Start importing Assets/Scene Transition/Scene Start.anim using Guid(fbb3f4f62620b2b478a692710c346d01) Importer(815301076,1909f56bfc062723c751e8b465ee728b)  -> (artifact id: '151ed0daa46638d4a45753bdead64534') in 0.127740 seconds
  Import took 0.234951 seconds .

========================================================================
Received Import Request.
  Time since last request: 2.155558 seconds.
  path: Assets/Scene Transition/Scene End.anim
  artifactKey: Guid(cb212d924a30e9c4fb287b7629193ff7) Importer(815301076,1909f56bfc062723c751e8b465ee728b)
Start importing Assets/Scene Transition/Scene End.anim using Guid(cb212d924a30e9c4fb287b7629193ff7) Importer(815301076,1909f56bfc062723c751e8b465ee728b)  -> (artifact id: 'abe2b3b8a367deea9cafcca2bf9677cd') in 0.026639 seconds
  Import took 0.164700 seconds .

========================================================================
Received Import Request.
  Time since last request: 235.702771 seconds.
  path: Assets/Scene Transition/Scene Closing.anim
  artifactKey: Guid(fbb3f4f62620b2b478a692710c346d01) Importer(815301076,1909f56bfc062723c751e8b465ee728b)
Start importing Assets/Scene Transition/Scene Closing.anim using Guid(fbb3f4f62620b2b478a692710c346d01) Importer(815301076,1909f56bfc062723c751e8b465ee728b)  -> (artifact id: '48f50d7f64b62dcd774416870e18decf') in 0.033244 seconds
  Import took 0.047289 seconds .

========================================================================
Received Import Request.
  Time since last request: 5.849547 seconds.
  path: Assets/Scene Transition/Scene Opening.anim
  artifactKey: Guid(cb212d924a30e9c4fb287b7629193ff7) Importer(815301076,1909f56bfc062723c751e8b465ee728b)
Start importing Assets/Scene Transition/Scene Opening.anim using Guid(cb212d924a30e9c4fb287b7629193ff7) Importer(815301076,1909f56bfc062723c751e8b465ee728b)  -> (artifact id: 'c1071bddbef53bbc20d82faf00c63a95') in 0.023080 seconds
  Import took 0.040378 seconds .

========================================================================
Received Import Request.
  Time since last request: 185.464622 seconds.
  path: Assets/Scene Transition/SceneTransition.cs
  artifactKey: Guid(d124699086ca6f54da8dfe575d371da2) Importer(815301076,1909f56bfc062723c751e8b465ee728b)
Start importing Assets/Scene Transition/SceneTransition.cs using Guid(d124699086ca6f54da8dfe575d371da2) Importer(815301076,1909f56bfc062723c751e8b465ee728b)  -> (artifact id: '3b980493205650d9355009d61733fd6f') in 0.069287 seconds
  Import took 0.078503 seconds .

========================================================================
Received Prepare
Registering precompiled user dll's ...
Registered in 0.004419 seconds.
Begin MonoManager ReloadAssembly
Native extension for WindowsStandalone target not found
Refreshing native plugins compatible for Editor in 0.61 ms, found 0 plugins.
Preloading 0 native plugins for Editor in 0.00 ms.
Invoked RoslynAnalysisRunner static constructor.
RoslynAnalysisRunner will not be running.
RoslynAnalysisRunner has terminated.
Mono: successfully reloaded assembly
- Completed reload, in 21.248 seconds
Platform modules already initialized, skipping
Refreshing native plugins compatible for Editor in 5.31 ms, found 0 plugins.
Preloading 0 native plugins for Editor in 0.00 ms.
Unloading 1262 Unused Serialized files (Serialized files now loaded: 0)
System memory in use before: 65.0 MB.
System memory in use after: 65.1 MB.

Unloading 4 unused Assets to reduce memory usage. Loaded Objects now: 1730.
Total: 20.182600 ms (FindLiveObjects: 3.165200 ms CreateObjectMapping: 0.260500 ms MarkObjects: 16.108400 ms  DeleteObjects: 0.642300 ms)

========================================================================
Received Prepare
Registering precompiled user dll's ...
Registered in 0.003452 seconds.
Begin MonoManager ReloadAssembly
Native extension for WindowsStandalone target not found
Refreshing native plugins compatible for Editor in 0.61 ms, found 0 plugins.
Preloading 0 native plugins for Editor in 0.00 ms.
Invoked RoslynAnalysisRunner static constructor.
RoslynAnalysisRunner will not be running.
RoslynAnalysisRunner has terminated.
Mono: successfully reloaded assembly
- Completed reload, in 15.058 seconds
Platform modules already initialized, skipping
Refreshing native plugins compatible for Editor in 0.58 ms, found 0 plugins.
Preloading 0 native plugins for Editor in 0.00 ms.
Unloading 1262 Unused Serialized files (Serialized files now loaded: 0)
System memory in use before: 65.0 MB.
System memory in use after: 65.2 MB.

Unloading 4 unused Assets to reduce memory usage. Loaded Objects now: 1733.
Total: 5.267400 ms (FindLiveObjects: 0.722000 ms CreateObjectMapping: 0.165500 ms MarkObjects: 4.283300 ms  DeleteObjects: 0.091400 ms)

========================================================================
Received Import Request.
  Time since last request: 113.693434 seconds.
  path: Assets/Scene Transition/SceneTransition.cs
  artifactKey: Guid(d124699086ca6f54da8dfe575d371da2) Importer(815301076,1909f56bfc062723c751e8b465ee728b)
Start importing Assets/Scene Transition/SceneTransition.cs using Guid(d124699086ca6f54da8dfe575d371da2) Importer(815301076,1909f56bfc062723c751e8b465ee728b)  -> (artifact id: '252e115101a0db5ca51dee5684536418') in 0.020180 seconds
  Import took 0.027846 seconds .

========================================================================
Received Import Request.
  Time since last request: 82.211956 seconds.
  path: Assets/Scene Transition/Scene Transition.prefab
  artifactKey: Guid(3ade03fb94637cd4d9cf89d2807b54d9) Importer(815301076,1909f56bfc062723c751e8b465ee728b)
Start importing Assets/Scene Transition/Scene Transition.prefab using Guid(3ade03fb94637cd4d9cf89d2807b54d9) Importer(815301076,1909f56bfc062723c751e8b465ee728b)  -> (artifact id: '767357c3d75a59221942a81095f53f84') in 0.306168 seconds
  Import took 0.314162 seconds .

========================================================================
Received Import Request.
  Time since last request: 439.610196 seconds.
  path: Assets/Scenes/Level2.unity
  artifactKey: Guid(7f50c018f651e4c46851d1321d6dcd70) Importer(815301076,1909f56bfc062723c751e8b465ee728b)
Start importing Assets/Scenes/Level2.unity using Guid(7f50c018f651e4c46851d1321d6dcd70) Importer(815301076,1909f56bfc062723c751e8b465ee728b)  -> (artifact id: '7a383c2d9bb060251676a7b22bce4b17') in 0.024617 seconds
  Import took 0.041753 seconds .

========================================================================
Received Import Request.
  Time since last request: 16.373949 seconds.
  path: Assets/Scenes/Level4.unity
  artifactKey: Guid(14a0d538b8a463b47808d63dfb5a7df5) Importer(815301076,1909f56bfc062723c751e8b465ee728b)
Start importing Assets/Scenes/Level4.unity using Guid(14a0d538b8a463b47808d63dfb5a7df5) Importer(815301076,1909f56bfc062723c751e8b465ee728b)  -> (artifact id: '69b40d70c9e98a9bc5296ba228891905') in 0.027826 seconds
  Import took 0.045507 seconds .

========================================================================
Received Import Request.
  Time since last request: 0.002419 seconds.
  path: Assets/Scenes/Level4.unity
  artifactKey: Guid(14a0d538b8a463b47808d63dfb5a7df5) Importer(815301076,1909f56bfc062723c751e8b465ee728b)
Start importing Assets/Scenes/Level4.unity using Guid(14a0d538b8a463b47808d63dfb5a7df5) Importer(815301076,1909f56bfc062723c751e8b465ee728b)  -> (artifact id: '69b40d70c9e98a9bc5296ba228891905') in 0.009421 seconds
  Import took 0.045694 seconds .

========================================================================
Received Import Request.
  Time since last request: 72.772038 seconds.
  path: Assets/Scenes/Load.unity
  artifactKey: Guid(cd76fe4a386e1d540ac02409f2cd42a1) Importer(815301076,1909f56bfc062723c751e8b465ee728b)
Start importing Assets/Scenes/Load.unity using Guid(cd76fe4a386e1d540ac02409f2cd42a1) Importer(815301076,1909f56bfc062723c751e8b465ee728b)  -> (artifact id: 'cf6dc82556430e18ec1c869c8f7df0b4') in 0.018952 seconds
  Import took 0.034054 seconds .

========================================================================
Received Import Request.
  Time since last request: 0.030075 seconds.
  path: Assets/Scenes/Load.unity
  artifactKey: Guid(cd76fe4a386e1d540ac02409f2cd42a1) Importer(815301076,1909f56bfc062723c751e8b465ee728b)
Start importing Assets/Scenes/Load.unity using Guid(cd76fe4a386e1d540ac02409f2cd42a1) Importer(815301076,1909f56bfc062723c751e8b465ee728b)  -> (artifact id: 'cf6dc82556430e18ec1c869c8f7df0b4') in 0.015886 seconds
  Import took 0.021287 seconds .

========================================================================
Received Prepare
Registering precompiled user dll's ...
Registered in 0.005930 seconds.
Begin MonoManager ReloadAssembly
Native extension for WindowsStandalone target not found
Refreshing native plugins compatible for Editor in 0.53 ms, found 0 plugins.
Preloading 0 native plugins for Editor in 0.00 ms.
Invoked RoslynAnalysisRunner static constructor.
RoslynAnalysisRunner will not be running.
RoslynAnalysisRunner has terminated.
Mono: successfully reloaded assembly
- Completed reload, in  3.377 seconds
Platform modules already initialized, skipping
Refreshing native plugins compatible for Editor in 0.62 ms, found 0 plugins.
Preloading 0 native plugins for Editor in 0.00 ms.
Unloading 1262 Unused Serialized files (Serialized files now loaded: 0)
System memory in use before: 65.2 MB.
System memory in use after: 65.3 MB.

Unloading 5 unused Assets to reduce memory usage. Loaded Objects now: 1738.
Total: 3.871100 ms (FindLiveObjects: 0.387500 ms CreateObjectMapping: 0.123900 ms MarkObjects: 3.294600 ms  DeleteObjects: 0.061700 ms)

========================================================================
Received Import Request.
  Time since last request: 225.541757 seconds.
  path: Assets/Scene Transition/MenuManager.cs
  artifactKey: Guid(88114b4d684fc824ba2d4b966192094a) Importer(815301076,1909f56bfc062723c751e8b465ee728b)
Start importing Assets/Scene Transition/MenuManager.cs using Guid(88114b4d684fc824ba2d4b966192094a) Importer(815301076,1909f56bfc062723c751e8b465ee728b)  -> (artifact id: '77aa85b3a6efd803d9192bc37dfd66e3') in 0.085671 seconds
  Import took 0.114645 seconds .

========================================================================
Received Prepare
Registering precompiled user dll's ...
Registered in 0.014096 seconds.
Begin MonoManager ReloadAssembly
Native extension for WindowsStandalone target not found
Refreshing native plugins compatible for Editor in 0.61 ms, found 0 plugins.
Preloading 0 native plugins for Editor in 0.00 ms.
Invoked RoslynAnalysisRunner static constructor.
RoslynAnalysisRunner will not be running.
RoslynAnalysisRunner has terminated.
Mono: successfully reloaded assembly
- Completed reload, in  3.536 seconds
Platform modules already initialized, skipping
Refreshing native plugins compatible for Editor in 8.77 ms, found 0 plugins.
Preloading 0 native plugins for Editor in 0.00 ms.
Unloading 1263 Unused Serialized files (Serialized files now loaded: 0)
System memory in use before: 65.2 MB.
System memory in use after: 65.3 MB.

Unloading 4 unused Assets to reduce memory usage. Loaded Objects now: 1742.
Total: 6.486600 ms (FindLiveObjects: 2.240400 ms CreateObjectMapping: 0.204000 ms MarkObjects: 3.923600 ms  DeleteObjects: 0.113400 ms)

========================================================================
Received Import Request.
  Time since last request: 364.596537 seconds.
  path: Assets/Scene Transition/MenuManager.cs
  artifactKey: Guid(88114b4d684fc824ba2d4b966192094a) Importer(815301076,1909f56bfc062723c751e8b465ee728b)
Start importing Assets/Scene Transition/MenuManager.cs using Guid(88114b4d684fc824ba2d4b966192094a) Importer(815301076,1909f56bfc062723c751e8b465ee728b)  -> (artifact id: 'e66354ebc8004752016bf9372c8c741d') in 0.025741 seconds
  Import took 0.037415 seconds .

========================================================================
Received Import Request.
  Time since last request: 39.178765 seconds.
  path: Assets/Scene Transition/MenuManager.cs
  artifactKey: Guid(88114b4d684fc824ba2d4b966192094a) Importer(815301076,1909f56bfc062723c751e8b465ee728b)
Start importing Assets/Scene Transition/MenuManager.cs using Guid(88114b4d684fc824ba2d4b966192094a) Importer(815301076,1909f56bfc062723c751e8b465ee728b)  -> (artifact id: '638b4915aa72de4b8db7fb3113808b55') in 0.051079 seconds
  Import took 0.061146 seconds .

========================================================================
Received Import Request.
  Time since last request: 51.885596 seconds.
  path: Assets/Scene Transition/MenuManager.cs
  artifactKey: Guid(88114b4d684fc824ba2d4b966192094a) Importer(815301076,1909f56bfc062723c751e8b465ee728b)
Start importing Assets/Scene Transition/MenuManager.cs using Guid(88114b4d684fc824ba2d4b966192094a) Importer(815301076,1909f56bfc062723c751e8b465ee728b)  -> (artifact id: '935c6e1691c9272645cdfd6ffd408f83') in 0.020649 seconds
  Import took 0.053390 seconds .

========================================================================
Received Import Request.
  Time since last request: 0.038615 seconds.
  path: Assets/Scene Transition/MenuManager.cs
  artifactKey: Guid(88114b4d684fc824ba2d4b966192094a) Importer(815301076,1909f56bfc062723c751e8b465ee728b)
Start importing Assets/Scene Transition/MenuManager.cs using Guid(88114b4d684fc824ba2d4b966192094a) Importer(815301076,1909f56bfc062723c751e8b465ee728b)  -> (artifact id: '935c6e1691c9272645cdfd6ffd408f83') in 0.017733 seconds
  Import took 0.052907 seconds .

========================================================================
Received Import Request.
  Time since last request: 26.226152 seconds.
  path: Assets/Scene Transition/MenuManager.cs
  artifactKey: Guid(88114b4d684fc824ba2d4b966192094a) Importer(815301076,1909f56bfc062723c751e8b465ee728b)
Start importing Assets/Scene Transition/MenuManager.cs using Guid(88114b4d684fc824ba2d4b966192094a) Importer(815301076,1909f56bfc062723c751e8b465ee728b)  -> (artifact id: '9dae0bb9c0d2bfd8f01ac7f5a9a95ef4') in 0.007406 seconds
  Import took 0.015755 seconds .

========================================================================
Received Prepare
Registering precompiled user dll's ...
Registered in 0.020506 seconds.
Begin MonoManager ReloadAssembly
Native extension for WindowsStandalone target not found
Refreshing native plugins compatible for Editor in 0.54 ms, found 0 plugins.
Preloading 0 native plugins for Editor in 0.00 ms.
Invoked RoslynAnalysisRunner static constructor.
RoslynAnalysisRunner will not be running.
RoslynAnalysisRunner has terminated.
Mono: successfully reloaded assembly
- Completed reload, in  3.742 seconds
Platform modules already initialized, skipping
Refreshing native plugins compatible for Editor in 0.53 ms, found 0 plugins.
Preloading 0 native plugins for Editor in 0.00 ms.
Unloading 1263 Unused Serialized files (Serialized files now loaded: 0)
System memory in use before: 65.2 MB.
System memory in use after: 65.3 MB.

Unloading 4 unused Assets to reduce memory usage. Loaded Objects now: 1745.
Total: 4.211000 ms (FindLiveObjects: 0.356900 ms CreateObjectMapping: 0.084000 ms MarkObjects: 3.642400 ms  DeleteObjects: 0.123300 ms)

========================================================================
Received Import Request.
  Time since last request: 39.243326 seconds.
  path: Assets/Scene Transition/MenuManager.cs
  artifactKey: Guid(88114b4d684fc824ba2d4b966192094a) Importer(815301076,1909f56bfc062723c751e8b465ee728b)
Start importing Assets/Scene Transition/MenuManager.cs using Guid(88114b4d684fc824ba2d4b966192094a) Importer(815301076,1909f56bfc062723c751e8b465ee728b)  -> (artifact id: 'c59034c22f783169371e10670dfe3443') in 0.015814 seconds
  Import took 0.021705 seconds .

========================================================================
Received Import Request.
  Time since last request: 8.811490 seconds.
  path: Assets/Scenes/Load.unity
  artifactKey: Guid(cd76fe4a386e1d540ac02409f2cd42a1) Importer(815301076,1909f56bfc062723c751e8b465ee728b)
Start importing Assets/Scenes/Load.unity using Guid(cd76fe4a386e1d540ac02409f2cd42a1) Importer(815301076,1909f56bfc062723c751e8b465ee728b)  -> (artifact id: 'b78314a9457de33aedd2f2d6950fae29') in 0.094495 seconds
  Import took 0.108491 seconds .

========================================================================
Received Prepare
Registering precompiled user dll's ...
Registered in 0.003919 seconds.
Begin MonoManager ReloadAssembly
Native extension for WindowsStandalone target not found
Refreshing native plugins compatible for Editor in 0.55 ms, found 0 plugins.
Preloading 0 native plugins for Editor in 0.00 ms.
Invoked RoslynAnalysisRunner static constructor.
RoslynAnalysisRunner will not be running.
RoslynAnalysisRunner has terminated.
Mono: successfully reloaded assembly
- Completed reload, in  3.114 seconds
Platform modules already initialized, skipping
Refreshing native plugins compatible for Editor in 0.57 ms, found 0 plugins.
Preloading 0 native plugins for Editor in 0.00 ms.
Unloading 1263 Unused Serialized files (Serialized files now loaded: 0)
System memory in use before: 65.2 MB.
System memory in use after: 65.3 MB.

Unloading 4 unused Assets to reduce memory usage. Loaded Objects now: 1748.
Total: 14.300300 ms (FindLiveObjects: 0.409400 ms CreateObjectMapping: 0.103300 ms MarkObjects: 13.743800 ms  DeleteObjects: 0.039200 ms)

========================================================================
Received Import Request.
  Time since last request: 100.949636 seconds.
  path: Assets/Scenes/Load.unity
  artifactKey: Guid(cd76fe4a386e1d540ac02409f2cd42a1) Importer(815301076,1909f56bfc062723c751e8b465ee728b)
Start importing Assets/Scenes/Load.unity using Guid(cd76fe4a386e1d540ac02409f2cd42a1) Importer(815301076,1909f56bfc062723c751e8b465ee728b)  -> (artifact id: 'e215626a7c903b728bd69227695a2584') in 0.064722 seconds
  Import took 0.076168 seconds .

========================================================================
Received Prepare
Registering precompiled user dll's ...
Registered in 0.003008 seconds.
Begin MonoManager ReloadAssembly
Native extension for WindowsStandalone target not found
Refreshing native plugins compatible for Editor in 0.51 ms, found 0 plugins.
Preloading 0 native plugins for Editor in 0.00 ms.
Invoked RoslynAnalysisRunner static constructor.
RoslynAnalysisRunner will not be running.
RoslynAnalysisRunner has terminated.
Mono: successfully reloaded assembly
- Completed reload, in  2.379 seconds
Platform modules already initialized, skipping
Refreshing native plugins compatible for Editor in 0.53 ms, found 0 plugins.
Preloading 0 native plugins for Editor in 0.00 ms.
Unloading 1263 Unused Serialized files (Serialized files now loaded: 0)
System memory in use before: 65.2 MB.
System memory in use after: 65.3 MB.

Unloading 4 unused Assets to reduce memory usage. Loaded Objects now: 1751.
Total: 4.297800 ms (FindLiveObjects: 0.469700 ms CreateObjectMapping: 0.140100 ms MarkObjects: 3.624300 ms  DeleteObjects: 0.038500 ms)

========================================================================
Received Import Request.
  Time since last request: 42.450170 seconds.
  path: Assets/Scene Transition/Scene Transition.controller
  artifactKey: Guid(479b8b29b5b17674fac9cc4216b911a1) Importer(815301076,1909f56bfc062723c751e8b465ee728b)
Start importing Assets/Scene Transition/Scene Transition.controller using Guid(479b8b29b5b17674fac9cc4216b911a1) Importer(815301076,1909f56bfc062723c751e8b465ee728b)  -> (artifact id: '1e73e165d0fb35900f2a685af1a12d06') in 0.080492 seconds
  Import took 0.094855 seconds .

========================================================================
Received Prepare
Registering precompiled user dll's ...
Registered in 0.004076 seconds.
Begin MonoManager ReloadAssembly
Native extension for WindowsStandalone target not found
Refreshing native plugins compatible for Editor in 1.08 ms, found 0 plugins.
Preloading 0 native plugins for Editor in 0.00 ms.
Invoked RoslynAnalysisRunner static constructor.
RoslynAnalysisRunner will not be running.
RoslynAnalysisRunner has terminated.
Mono: successfully reloaded assembly
- Completed reload, in  3.176 seconds
Platform modules already initialized, skipping
Refreshing native plugins compatible for Editor in 0.51 ms, found 0 plugins.
Preloading 0 native plugins for Editor in 0.00 ms.
Unloading 1263 Unused Serialized files (Serialized files now loaded: 0)
System memory in use before: 65.2 MB.
System memory in use after: 65.3 MB.

Unloading 4 unused Assets to reduce memory usage. Loaded Objects now: 1754.
Total: 4.221500 ms (FindLiveObjects: 0.374800 ms CreateObjectMapping: 0.085500 ms MarkObjects: 3.721000 ms  DeleteObjects: 0.036600 ms)

========================================================================
Received Prepare
Registering precompiled user dll's ...
Registered in 0.002770 seconds.
Begin MonoManager ReloadAssembly
Native extension for WindowsStandalone target not found
Refreshing native plugins compatible for Editor in 0.56 ms, found 0 plugins.
Preloading 0 native plugins for Editor in 0.00 ms.
Invoked RoslynAnalysisRunner static constructor.
RoslynAnalysisRunner will not be running.
RoslynAnalysisRunner has terminated.
Mono: successfully reloaded assembly
- Completed reload, in  5.537 seconds
Platform modules already initialized, skipping
Refreshing native plugins compatible for Editor in 0.86 ms, found 0 plugins.
Preloading 0 native plugins for Editor in 0.00 ms.
Unloading 1263 Unused Serialized files (Serialized files now loaded: 0)
System memory in use before: 65.2 MB.
System memory in use after: 65.3 MB.

Unloading 4 unused Assets to reduce memory usage. Loaded Objects now: 1757.
Total: 7.358500 ms (FindLiveObjects: 1.109200 ms CreateObjectMapping: 0.611900 ms MarkObjects: 5.526600 ms  DeleteObjects: 0.104400 ms)

========================================================================
Received Import Request.
  Time since last request: 300.067012 seconds.
  path: Assets/Scenes/Level1.unity
  artifactKey: Guid(9fc0d4010bbf28b4594072e72b8655ab) Importer(815301076,1909f56bfc062723c751e8b465ee728b)
Start importing Assets/Scenes/Level1.unity using Guid(9fc0d4010bbf28b4594072e72b8655ab) Importer(815301076,1909f56bfc062723c751e8b465ee728b)  -> (artifact id: 'd5efadfd18f5840bca5f65a331f2d3bb') in 0.069552 seconds
  Import took 0.076279 seconds .

========================================================================
Received Prepare
Registering precompiled user dll's ...
Registered in 0.004035 seconds.
Begin MonoManager ReloadAssembly
Native extension for WindowsStandalone target not found
Refreshing native plugins compatible for Editor in 0.60 ms, found 0 plugins.
Preloading 0 native plugins for Editor in 0.00 ms.
Invoked RoslynAnalysisRunner static constructor.
RoslynAnalysisRunner will not be running.
RoslynAnalysisRunner has terminated.
Mono: successfully reloaded assembly
- Completed reload, in 22.979 seconds
Platform modules already initialized, skipping
Refreshing native plugins compatible for Editor in 1.74 ms, found 0 plugins.
Preloading 0 native plugins for Editor in 0.00 ms.
Unloading 1263 Unused Serialized files (Serialized files now loaded: 0)
System memory in use before: 65.2 MB.
System memory in use after: 65.4 MB.

Unloading 4 unused Assets to reduce memory usage. Loaded Objects now: 1760.
Total: 33.493300 ms (FindLiveObjects: 3.170200 ms CreateObjectMapping: 9.560700 ms MarkObjects: 20.690700 ms  DeleteObjects: 0.062100 ms)

========================================================================
Received Prepare
Registering precompiled user dll's ...
Registered in 0.002712 seconds.
Begin MonoManager ReloadAssembly
Native extension for WindowsStandalone target not found
Refreshing native plugins compatible for Editor in 0.50 ms, found 0 plugins.
Preloading 0 native plugins for Editor in 0.00 ms.
Invoked RoslynAnalysisRunner static constructor.
RoslynAnalysisRunner will not be running.
RoslynAnalysisRunner has terminated.
Mono: successfully reloaded assembly
- Completed reload, in  3.181 seconds
Platform modules already initialized, skipping
Refreshing native plugins compatible for Editor in 0.78 ms, found 0 plugins.
Preloading 0 native plugins for Editor in 0.00 ms.
Unloading 1263 Unused Serialized files (Serialized files now loaded: 0)
System memory in use before: 65.3 MB.
System memory in use after: 65.4 MB.

Unloading 4 unused Assets to reduce memory usage. Loaded Objects now: 1763.
Total: 6.387800 ms (FindLiveObjects: 0.380400 ms CreateObjectMapping: 0.090900 ms MarkObjects: 5.874400 ms  DeleteObjects: 0.038200 ms)

========================================================================
Received Import Request.
  Time since last request: 186.785853 seconds.
  path: Assets/Scenes/Level1.unity
  artifactKey: Guid(9fc0d4010bbf28b4594072e72b8655ab) Importer(815301076,1909f56bfc062723c751e8b465ee728b)
Start importing Assets/Scenes/Level1.unity using Guid(9fc0d4010bbf28b4594072e72b8655ab) Importer(815301076,1909f56bfc062723c751e8b465ee728b)  -> (artifact id: '12c042cc66eb5c87d46c365a4434842a') in 0.058290 seconds
  Import took 0.087331 seconds .

========================================================================
Received Import Request.
  Time since last request: 224.325327 seconds.
  path: Assets/Scene Transition/MenuManager.cs
  artifactKey: Guid(88114b4d684fc824ba2d4b966192094a) Importer(815301076,1909f56bfc062723c751e8b465ee728b)
Start importing Assets/Scene Transition/MenuManager.cs using Guid(88114b4d684fc824ba2d4b966192094a) Importer(815301076,1909f56bfc062723c751e8b465ee728b)  -> (artifact id: 'bfcc03f82a507c9be4cb44d0f0a05f4a') in 0.012545 seconds
  Import took 0.022073 seconds .

========================================================================
Received Import Request.
  Time since last request: 32.172202 seconds.
  path: Assets/Scenes/_GameScene.unity
  artifactKey: Guid(1aa0525f217a3cf4ba90998375c44296) Importer(815301076,1909f56bfc062723c751e8b465ee728b)
Start importing Assets/Scenes/_GameScene.unity using Guid(1aa0525f217a3cf4ba90998375c44296) Importer(815301076,1909f56bfc062723c751e8b465ee728b)  -> (artifact id: 'b34cabde6338187e9d4f6b66413ccaaf') in 0.017854 seconds
  Import took 0.037697 seconds .

========================================================================
Received Import Request.
  Time since last request: 74.338641 seconds.
  path: Assets/Scenes/_GameScene.unity
  artifactKey: Guid(1aa0525f217a3cf4ba90998375c44296) Importer(815301076,1909f56bfc062723c751e8b465ee728b)
Start importing Assets/Scenes/_GameScene.unity using Guid(1aa0525f217a3cf4ba90998375c44296) Importer(815301076,1909f56bfc062723c751e8b465ee728b)  -> (artifact id: 'a7f3a24bc21a7228b0ab947cec528bd3') in 0.015172 seconds
  Import took 0.024879 seconds .

========================================================================
Received Prepare
Registering precompiled user dll's ...
Registered in 0.010016 seconds.
Begin MonoManager ReloadAssembly
Native extension for WindowsStandalone target not found
Refreshing native plugins compatible for Editor in 6.71 ms, found 0 plugins.
Preloading 0 native plugins for Editor in 0.00 ms.
Invoked RoslynAnalysisRunner static constructor.
RoslynAnalysisRunner will not be running.
RoslynAnalysisRunner has terminated.
Mono: successfully reloaded assembly
- Completed reload, in  7.124 seconds
Platform modules already initialized, skipping
Refreshing native plugins compatible for Editor in 2.15 ms, found 0 plugins.
Preloading 0 native plugins for Editor in 0.00 ms.
Unloading 1263 Unused Serialized files (Serialized files now loaded: 0)
System memory in use before: 65.3 MB.
System memory in use after: 65.4 MB.

Unloading 4 unused Assets to reduce memory usage. Loaded Objects now: 1766.
Total: 47.670300 ms (FindLiveObjects: 2.700200 ms CreateObjectMapping: 0.743200 ms MarkObjects: 44.126900 ms  DeleteObjects: 0.091300 ms)

========================================================================
Received Import Request.
  Time since last request: 309.658338 seconds.
  path: Assets/Scenes/_GameScene.unity
  artifactKey: Guid(1aa0525f217a3cf4ba90998375c44296) Importer(815301076,1909f56bfc062723c751e8b465ee728b)
Start importing Assets/Scenes/_GameScene.unity using Guid(1aa0525f217a3cf4ba90998375c44296) Importer(815301076,1909f56bfc062723c751e8b465ee728b)  -> (artifact id: '4ab87be55130b696b596aa0b8d55be86') in 0.058896 seconds
  Import took 0.066721 seconds .

========================================================================
Received Prepare
Registering precompiled user dll's ...
Registered in 0.005362 seconds.
Begin MonoManager ReloadAssembly
Native extension for WindowsStandalone target not found
Refreshing native plugins compatible for Editor in 0.51 ms, found 0 plugins.
Preloading 0 native plugins for Editor in 0.00 ms.
Invoked RoslynAnalysisRunner static constructor.
RoslynAnalysisRunner will not be running.
RoslynAnalysisRunner has terminated.
Mono: successfully reloaded assembly
- Completed reload, in  2.580 seconds
Platform modules already initialized, skipping
Refreshing native plugins compatible for Editor in 2.46 ms, found 0 plugins.
Preloading 0 native plugins for Editor in 0.00 ms.
Unloading 1263 Unused Serialized files (Serialized files now loaded: 0)
System memory in use before: 65.3 MB.
System memory in use after: 65.4 MB.

Unloading 4 unused Assets to reduce memory usage. Loaded Objects now: 1769.
Total: 5.853800 ms (FindLiveObjects: 0.406500 ms CreateObjectMapping: 0.086500 ms MarkObjects: 5.277300 ms  DeleteObjects: 0.078700 ms)

========================================================================
Received Prepare
Registering precompiled user dll's ...
Registered in 0.003217 seconds.
Begin MonoManager ReloadAssembly
Native extension for WindowsStandalone target not found
Refreshing native plugins compatible for Editor in 0.51 ms, found 0 plugins.
Preloading 0 native plugins for Editor in 0.00 ms.
Invoked RoslynAnalysisRunner static constructor.
RoslynAnalysisRunner will not be running.
RoslynAnalysisRunner has terminated.
Mono: successfully reloaded assembly
- Completed reload, in  2.842 seconds
Platform modules already initialized, skipping
Refreshing native plugins compatible for Editor in 0.52 ms, found 0 plugins.
Preloading 0 native plugins for Editor in 0.00 ms.
Unloading 1263 Unused Serialized files (Serialized files now loaded: 0)
System memory in use before: 65.3 MB.
System memory in use after: 65.4 MB.

Unloading 4 unused Assets to reduce memory usage. Loaded Objects now: 1772.
Total: 4.056400 ms (FindLiveObjects: 0.378200 ms CreateObjectMapping: 0.087700 ms MarkObjects: 3.546900 ms  DeleteObjects: 0.039900 ms)

========================================================================
Received Prepare
Registering precompiled user dll's ...
Registered in 0.004263 seconds.
Begin MonoManager ReloadAssembly
Native extension for WindowsStandalone target not found
Refreshing native plugins compatible for Editor in 0.51 ms, found 0 plugins.
Preloading 0 native plugins for Editor in 0.00 ms.
Invoked RoslynAnalysisRunner static constructor.
RoslynAnalysisRunner will not be running.
RoslynAnalysisRunner has terminated.
Mono: successfully reloaded assembly
- Completed reload, in  2.313 seconds
Platform modules already initialized, skipping
Refreshing native plugins compatible for Editor in 0.53 ms, found 0 plugins.
Preloading 0 native plugins for Editor in 0.00 ms.
Unloading 1263 Unused Serialized files (Serialized files now loaded: 0)
System memory in use before: 65.3 MB.
System memory in use after: 65.4 MB.

Unloading 4 unused Assets to reduce memory usage. Loaded Objects now: 1775.
Total: 4.227900 ms (FindLiveObjects: 0.385300 ms CreateObjectMapping: 0.096300 ms MarkObjects: 3.703300 ms  DeleteObjects: 0.038700 ms)

========================================================================
Received Prepare
Registering precompiled user dll's ...
Registered in 0.006041 seconds.
Begin MonoManager ReloadAssembly
Native extension for WindowsStandalone target not found
Refreshing native plugins compatible for Editor in 0.62 ms, found 0 plugins.
Preloading 0 native plugins for Editor in 0.00 ms.
Invoked RoslynAnalysisRunner static constructor.
RoslynAnalysisRunner will not be running.
RoslynAnalysisRunner has terminated.
Mono: successfully reloaded assembly
- Completed reload, in  3.390 seconds
Platform modules already initialized, skipping
Refreshing native plugins compatible for Editor in 0.67 ms, found 0 plugins.
Preloading 0 native plugins for Editor in 0.00 ms.
Unloading 1263 Unused Serialized files (Serialized files now loaded: 0)
System memory in use before: 65.3 MB.
System memory in use after: 65.4 MB.

Unloading 4 unused Assets to reduce memory usage. Loaded Objects now: 1778.
Total: 4.321800 ms (FindLiveObjects: 0.397200 ms CreateObjectMapping: 0.132600 ms MarkObjects: 3.746800 ms  DeleteObjects: 0.041500 ms)

========================================================================
Received Import Request.
  Time since last request: 576.212655 seconds.
  path: Assets/Scenes/Level2.unity
  artifactKey: Guid(7f50c018f651e4c46851d1321d6dcd70) Importer(815301076,1909f56bfc062723c751e8b465ee728b)
Start importing Assets/Scenes/Level2.unity using Guid(7f50c018f651e4c46851d1321d6dcd70) Importer(815301076,1909f56bfc062723c751e8b465ee728b)  -> (artifact id: 'c2f18203bd7c672101cdb02424235ab4') in 0.096421 seconds
  Import took 0.102130 seconds .

========================================================================
Received Import Request.
  Time since last request: 124.225724 seconds.
  path: Assets/Scenes/Level3.unity
  artifactKey: Guid(b7d881c7a0f567f408ac5890b87f48aa) Importer(815301076,1909f56bfc062723c751e8b465ee728b)
Start importing Assets/Scenes/Level3.unity using Guid(b7d881c7a0f567f408ac5890b87f48aa) Importer(815301076,1909f56bfc062723c751e8b465ee728b)  -> (artifact id: 'aea608b2376572dd6cfdbd4ae6eb3d37') in 0.025532 seconds
  Import took 0.033150 seconds .

========================================================================
Received Import Request.
  Time since last request: 7.223251 seconds.
  path: Assets/Scenes/Level4.unity
  artifactKey: Guid(14a0d538b8a463b47808d63dfb5a7df5) Importer(815301076,1909f56bfc062723c751e8b465ee728b)
Start importing Assets/Scenes/Level4.unity using Guid(14a0d538b8a463b47808d63dfb5a7df5) Importer(815301076,1909f56bfc062723c751e8b465ee728b)  -> (artifact id: '782bf6d34a391af6ae183941868db5c0') in 0.023674 seconds
  Import took 0.032556 seconds .

========================================================================
Received Import Request.
  Time since last request: 2.111516 seconds.
  path: Assets/Scenes/Level5.unity
  artifactKey: Guid(c0934e19a989e4e4e9bc91433a18b931) Importer(815301076,1909f56bfc062723c751e8b465ee728b)
Start importing Assets/Scenes/Level5.unity using Guid(c0934e19a989e4e4e9bc91433a18b931) Importer(815301076,1909f56bfc062723c751e8b465ee728b)  -> (artifact id: '39d91455e25455d399aac2d47e5c0a1e') in 0.025927 seconds
  Import took 0.035965 seconds .

========================================================================
Received Import Request.
  Time since last request: 87.966323 seconds.
  path: Assets/Scripts/ChatterManager.cs
  artifactKey: Guid(1e46ecc8dc2bc4a41b4b4bc1bad0054a) Importer(815301076,1909f56bfc062723c751e8b465ee728b)
Start importing Assets/Scripts/ChatterManager.cs using Guid(1e46ecc8dc2bc4a41b4b4bc1bad0054a) Importer(815301076,1909f56bfc062723c751e8b465ee728b)  -> (artifact id: 'aa40ab0bcd2dba212a49c1b4d218547e') in 0.036171 seconds
  Import took 0.052308 seconds .

========================================================================
Received Prepare
Registering precompiled user dll's ...
Registered in 0.006492 seconds.
Begin MonoManager ReloadAssembly
Native extension for WindowsStandalone target not found
Refreshing native plugins compatible for Editor in 0.59 ms, found 0 plugins.
Preloading 0 native plugins for Editor in 0.00 ms.
<RI> Initialized touch support.
<RI> Initializing input.
<RI> Input initialized.
Invoked RoslynAnalysisRunner static constructor.
RoslynAnalysisRunner will not be running.
RoslynAnalysisRunner has terminated.
Mono: successfully reloaded assembly
- Completed reload, in  7.505 seconds
Platform modules already initialized, skipping
Refreshing native plugins compatible for Editor in 0.54 ms, found 0 plugins.
Preloading 0 native plugins for Editor in 0.00 ms.
Unloading 1266 Unused Serialized files (Serialized files now loaded: 0)
System memory in use before: 66.2 MB.
System memory in use after: 66.1 MB.

Unloading 6 unused Assets to reduce memory usage. Loaded Objects now: 1788.
Total: 12.789300 ms (FindLiveObjects: 0.419300 ms CreateObjectMapping: 0.104200 ms MarkObjects: 12.091200 ms  DeleteObjects: 0.170200 ms)

========================================================================
Received Prepare
Registering precompiled user dll's ...
Registered in 0.003419 seconds.
Begin MonoManager ReloadAssembly
Native extension for WindowsStandalone target not found
Refreshing native plugins compatible for Editor in 0.51 ms, found 0 plugins.
Preloading 0 native plugins for Editor in 0.00 ms.
Invoked RoslynAnalysisRunner static constructor.
RoslynAnalysisRunner will not be running.
RoslynAnalysisRunner has terminated.
Mono: successfully reloaded assembly
- Completed reload, in  2.840 seconds
Platform modules already initialized, skipping
Refreshing native plugins compatible for Editor in 0.80 ms, found 0 plugins.
Preloading 0 native plugins for Editor in 0.00 ms.
Unloading 1265 Unused Serialized files (Serialized files now loaded: 0)
System memory in use before: 66.4 MB.
System memory in use after: 66.3 MB.

Unloading 5 unused Assets to reduce memory usage. Loaded Objects now: 1814.
Total: 8.291100 ms (FindLiveObjects: 0.804100 ms CreateObjectMapping: 0.124800 ms MarkObjects: 7.148500 ms  DeleteObjects: 0.209300 ms)

========================================================================
Received Import Request.
  Time since last request: 411.763297 seconds.
  path: Assets/Scenes/Level1.unity
  artifactKey: Guid(9fc0d4010bbf28b4594072e72b8655ab) Importer(815301076,1909f56bfc062723c751e8b465ee728b)
Start importing Assets/Scenes/Level1.unity using Guid(9fc0d4010bbf28b4594072e72b8655ab) Importer(815301076,1909f56bfc062723c751e8b465ee728b)  -> (artifact id: '7a3bb8026157876398998edb0d1df477') in 0.025392 seconds
  Import took 0.031967 seconds .

========================================================================
Received Prepare
Registering precompiled user dll's ...
Registered in 0.003153 seconds.
Begin MonoManager ReloadAssembly
Native extension for WindowsStandalone target not found
Refreshing native plugins compatible for Editor in 0.52 ms, found 0 plugins.
Preloading 0 native plugins for Editor in 0.00 ms.
Invoked RoslynAnalysisRunner static constructor.
RoslynAnalysisRunner will not be running.
RoslynAnalysisRunner has terminated.
Mono: successfully reloaded assembly
- Completed reload, in  4.053 seconds
Platform modules already initialized, skipping
Refreshing native plugins compatible for Editor in 0.49 ms, found 0 plugins.
Preloading 0 native plugins for Editor in 0.00 ms.
Unloading 1264 Unused Serialized files (Serialized files now loaded: 0)
System memory in use before: 65.9 MB.
System memory in use after: 66.0 MB.

Unloading 5 unused Assets to reduce memory usage. Loaded Objects now: 1817.
Total: 7.609700 ms (FindLiveObjects: 0.557900 ms CreateObjectMapping: 0.163600 ms MarkObjects: 6.745100 ms  DeleteObjects: 0.138600 ms)

========================================================================
Received Prepare
Registering precompiled user dll's ...
Registered in 0.003913 seconds.
Begin MonoManager ReloadAssembly
Native extension for WindowsStandalone target not found
Refreshing native plugins compatible for Editor in 0.53 ms, found 0 plugins.
Preloading 0 native plugins for Editor in 0.00 ms.
Invoked RoslynAnalysisRunner static constructor.
RoslynAnalysisRunner will not be running.
RoslynAnalysisRunner has terminated.
Mono: successfully reloaded assembly
- Completed reload, in  4.039 seconds
Platform modules already initialized, skipping
Refreshing native plugins compatible for Editor in 0.55 ms, found 0 plugins.
Preloading 0 native plugins for Editor in 0.00 ms.
Unloading 1264 Unused Serialized files (Serialized files now loaded: 0)
System memory in use before: 65.9 MB.
System memory in use after: 66.0 MB.

Unloading 5 unused Assets to reduce memory usage. Loaded Objects now: 1820.
Total: 7.828400 ms (FindLiveObjects: 0.626800 ms CreateObjectMapping: 0.122000 ms MarkObjects: 6.887000 ms  DeleteObjects: 0.188000 ms)

========================================================================
Received Prepare
Registering precompiled user dll's ...
Registered in 0.009114 seconds.
Begin MonoManager ReloadAssembly
Native extension for WindowsStandalone target not found
Refreshing native plugins compatible for Editor in 0.95 ms, found 0 plugins.
Preloading 0 native plugins for Editor in 0.00 ms.
Invoked RoslynAnalysisRunner static constructor.
RoslynAnalysisRunner will not be running.
RoslynAnalysisRunner has terminated.
Mono: successfully reloaded assembly
- Completed reload, in  3.244 seconds
Platform modules already initialized, skipping
Refreshing native plugins compatible for Editor in 0.51 ms, found 0 plugins.
Preloading 0 native plugins for Editor in 0.00 ms.
Unloading 1264 Unused Serialized files (Serialized files now loaded: 0)
System memory in use before: 65.9 MB.
System memory in use after: 66.0 MB.

Unloading 5 unused Assets to reduce memory usage. Loaded Objects now: 1823.
Total: 7.438800 ms (FindLiveObjects: 0.393300 ms CreateObjectMapping: 0.276800 ms MarkObjects: 6.600900 ms  DeleteObjects: 0.163700 ms)

========================================================================
Received Prepare
Registering precompiled user dll's ...
Registered in 0.003070 seconds.
Begin MonoManager ReloadAssembly
Native extension for WindowsStandalone target not found
Refreshing native plugins compatible for Editor in 0.53 ms, found 0 plugins.
Preloading 0 native plugins for Editor in 0.00 ms.
Invoked RoslynAnalysisRunner static constructor.
RoslynAnalysisRunner will not be running.
RoslynAnalysisRunner has terminated.
Mono: successfully reloaded assembly
- Completed reload, in  2.493 seconds
Platform modules already initialized, skipping
Refreshing native plugins compatible for Editor in 0.65 ms, found 0 plugins.
Preloading 0 native plugins for Editor in 0.00 ms.
Unloading 1264 Unused Serialized files (Serialized files now loaded: 0)
System memory in use before: 65.9 MB.
System memory in use after: 66.0 MB.

Unloading 5 unused Assets to reduce memory usage. Loaded Objects now: 1826.
Total: 9.508900 ms (FindLiveObjects: 0.381000 ms CreateObjectMapping: 0.083700 ms MarkObjects: 8.899800 ms  DeleteObjects: 0.140500 ms)

========================================================================
Received Prepare
Registering precompiled user dll's ...
Registered in 0.004719 seconds.
Begin MonoManager ReloadAssembly
Native extension for WindowsStandalone target not found
Refreshing native plugins compatible for Editor in 0.66 ms, found 0 plugins.
Preloading 0 native plugins for Editor in 0.00 ms.
Invoked RoslynAnalysisRunner static constructor.
RoslynAnalysisRunner will not be running.
RoslynAnalysisRunner has terminated.
Mono: successfully reloaded assembly
- Completed reload, in 35.544 seconds
Platform modules already initialized, skipping
Refreshing native plugins compatible for Editor in 0.58 ms, found 0 plugins.
Preloading 0 native plugins for Editor in 0.00 ms.
Unloading 1264 Unused Serialized files (Serialized files now loaded: 0)
System memory in use before: 66.0 MB.
System memory in use after: 66.0 MB.

Unloading 5 unused Assets to reduce memory usage. Loaded Objects now: 1829.
Total: 8.902800 ms (FindLiveObjects: 0.428400 ms CreateObjectMapping: 0.139700 ms MarkObjects: 8.080700 ms  DeleteObjects: 0.249200 ms)

========================================================================
Received Prepare
Refreshing native plugins compatible for Editor in 3.13 ms, found 0 plugins.
Preloading 0 native plugins for Editor in 0.00 ms.
Unloading 2 Unused Serialized files (Serialized files now loaded: 0)
System memory in use before: 40.8 MB.
System memory in use after: 41.0 MB.

Unloading 2 unused Assets to reduce memory usage. Loaded Objects now: 1829.
Total: 47.976000 ms (FindLiveObjects: 0.386700 ms CreateObjectMapping: 0.099500 ms MarkObjects: 47.448700 ms  DeleteObjects: 0.037500 ms)

========================================================================
Received Prepare
Registering precompiled user dll's ...
Registered in 0.004208 seconds.
Begin MonoManager ReloadAssembly
Native extension for WindowsStandalone target not found
Refreshing native plugins compatible for Editor in 0.89 ms, found 0 plugins.
Preloading 0 native plugins for Editor in 0.00 ms.
Invoked RoslynAnalysisRunner static constructor.
RoslynAnalysisRunner will not be running.
RoslynAnalysisRunner has terminated.
Mono: successfully reloaded assembly
- Completed reload, in  5.008 seconds
Platform modules already initialized, skipping
Refreshing native plugins compatible for Editor in 0.55 ms, found 0 plugins.
Preloading 0 native plugins for Editor in 0.00 ms.
Unloading 1264 Unused Serialized files (Serialized files now loaded: 0)
System memory in use before: 66.0 MB.
System memory in use after: 66.0 MB.

Unloading 5 unused Assets to reduce memory usage. Loaded Objects now: 1832.
Total: 9.688500 ms (FindLiveObjects: 0.515900 ms CreateObjectMapping: 0.153600 ms MarkObjects: 8.839200 ms  DeleteObjects: 0.174800 ms)

========================================================================
Received Prepare
Refreshing native plugins compatible for Editor in 4.56 ms, found 0 plugins.
Preloading 0 native plugins for Editor in 0.00 ms.
Unloading 2 Unused Serialized files (Serialized files now loaded: 0)
System memory in use before: 40.9 MB.
System memory in use after: 41.0 MB.

Unloading 2 unused Assets to reduce memory usage. Loaded Objects now: 1832.
Total: 7.698700 ms (FindLiveObjects: 0.518200 ms CreateObjectMapping: 0.141400 ms MarkObjects: 6.995200 ms  DeleteObjects: 0.038800 ms)

========================================================================
Received Import Request.
  Time since last request: 1452.161265 seconds.
  path: Assets/Scenes/Level2.unity
  artifactKey: Guid(7f50c018f651e4c46851d1321d6dcd70) Importer(815301076,1909f56bfc062723c751e8b465ee728b)
Start importing Assets/Scenes/Level2.unity using Guid(7f50c018f651e4c46851d1321d6dcd70) Importer(815301076,1909f56bfc062723c751e8b465ee728b)  -> (artifact id: '9c2b977bc72cc0c0b3ef3ea44f3ed730') in 0.155260 seconds
  Import took 0.294115 seconds .

========================================================================
Received Prepare
Registering precompiled user dll's ...
Registered in 0.234131 seconds.
Begin MonoManager ReloadAssembly
Native extension for WindowsStandalone target not found
Refreshing native plugins compatible for Editor in 0.86 ms, found 0 plugins.
Preloading 0 native plugins for Editor in 0.00 ms.
Invoked RoslynAnalysisRunner static constructor.
RoslynAnalysisRunner will not be running.
RoslynAnalysisRunner has terminated.
Mono: successfully reloaded assembly
- Completed reload, in  3.189 seconds
Platform modules already initialized, skipping
Refreshing native plugins compatible for Editor in 0.62 ms, found 0 plugins.
Preloading 0 native plugins for Editor in 0.00 ms.
Unloading 1263 Unused Serialized files (Serialized files now loaded: 0)
System memory in use before: 65.9 MB.
System memory in use after: 66.0 MB.

Unloading 5 unused Assets to reduce memory usage. Loaded Objects now: 1830.
Total: 9.642800 ms (FindLiveObjects: 1.080500 ms CreateObjectMapping: 0.219300 ms MarkObjects: 7.549200 ms  DeleteObjects: 0.789000 ms)

========================================================================
Received Import Request.
  Time since last request: 33.208174 seconds.
  path: Assets/Scenes/Level3.unity
  artifactKey: Guid(b7d881c7a0f567f408ac5890b87f48aa) Importer(815301076,1909f56bfc062723c751e8b465ee728b)
Start importing Assets/Scenes/Level3.unity using Guid(b7d881c7a0f567f408ac5890b87f48aa) Importer(815301076,1909f56bfc062723c751e8b465ee728b)  -> (artifact id: '81f992d9046244ea985107bb7f1988f3') in 0.073902 seconds
  Import took 0.086707 seconds .

========================================================================
Received Import Request.
  Time since last request: 14.414945 seconds.
  path: Assets/Scenes/Level4.unity
  artifactKey: Guid(14a0d538b8a463b47808d63dfb5a7df5) Importer(815301076,1909f56bfc062723c751e8b465ee728b)
Start importing Assets/Scenes/Level4.unity using Guid(14a0d538b8a463b47808d63dfb5a7df5) Importer(815301076,1909f56bfc062723c751e8b465ee728b)  -> (artifact id: '96fa78e55861a0c0735bda37b8ca4bb1') in 0.030754 seconds
  Import took 0.050712 seconds .

========================================================================
Received Import Request.
  Time since last request: 11.961094 seconds.
  path: Assets/Scenes/Level5.unity
  artifactKey: Guid(c0934e19a989e4e4e9bc91433a18b931) Importer(815301076,1909f56bfc062723c751e8b465ee728b)
Start importing Assets/Scenes/Level5.unity using Guid(c0934e19a989e4e4e9bc91433a18b931) Importer(815301076,1909f56bfc062723c751e8b465ee728b)  -> (artifact id: '3184eb0379a625ffc4aa4b4c567ccf3e') in 0.035295 seconds
  Import took 0.048544 seconds .

========================================================================
Received Prepare
Refreshing native plugins compatible for Editor in 3.60 ms, found 0 plugins.
Preloading 0 native plugins for Editor in 0.00 ms.
Unloading 2 Unused Serialized files (Serialized files now loaded: 0)
System memory in use before: 41.0 MB.
System memory in use after: 41.1 MB.

Unloading 2 unused Assets to reduce memory usage. Loaded Objects now: 1830.
Total: 8.064100 ms (FindLiveObjects: 0.498800 ms CreateObjectMapping: 0.110400 ms MarkObjects: 7.407500 ms  DeleteObjects: 0.042500 ms)

========================================================================
Received Import Request.
  Time since last request: 272.072535 seconds.
  path: Assets/Scenes/Level1.unity
  artifactKey: Guid(9fc0d4010bbf28b4594072e72b8655ab) Importer(815301076,1909f56bfc062723c751e8b465ee728b)
Start importing Assets/Scenes/Level1.unity using Guid(9fc0d4010bbf28b4594072e72b8655ab) Importer(815301076,1909f56bfc062723c751e8b465ee728b)  -> (artifact id: 'f674d44c6126bbf860f58d9001f8996a') in 0.050298 seconds
  Import took 0.061774 seconds .

========================================================================
Received Import Request.
  Time since last request: 122.860585 seconds.
  path: Assets/Scenes/Level2.unity
  artifactKey: Guid(7f50c018f651e4c46851d1321d6dcd70) Importer(815301076,1909f56bfc062723c751e8b465ee728b)
Start importing Assets/Scenes/Level2.unity using Guid(7f50c018f651e4c46851d1321d6dcd70) Importer(815301076,1909f56bfc062723c751e8b465ee728b)  -> (artifact id: 'cb9899198f0c92ee94d14d6331e7b21e') in 0.028202 seconds
  Import took 0.040634 seconds .

========================================================================
Received Import Request.
  Time since last request: 19.611343 seconds.
  path: Assets/Scenes/Level3.unity
  artifactKey: Guid(b7d881c7a0f567f408ac5890b87f48aa) Importer(815301076,1909f56bfc062723c751e8b465ee728b)
Start importing Assets/Scenes/Level3.unity using Guid(b7d881c7a0f567f408ac5890b87f48aa) Importer(815301076,1909f56bfc062723c751e8b465ee728b)  -> (artifact id: '7d74859b584c9eb86a33dd393acc9a16') in 0.030041 seconds
  Import took 0.056351 seconds .

========================================================================
Received Import Request.
  Time since last request: 19.926267 seconds.
  path: Assets/Scenes/Level4.unity
  artifactKey: Guid(14a0d538b8a463b47808d63dfb5a7df5) Importer(815301076,1909f56bfc062723c751e8b465ee728b)
Start importing Assets/Scenes/Level4.unity using Guid(14a0d538b8a463b47808d63dfb5a7df5) Importer(815301076,1909f56bfc062723c751e8b465ee728b)  -> (artifact id: '1fb70cbbcf29af531efa06eb6808cc4f') in 0.033062 seconds
  Import took 0.046092 seconds .

========================================================================
Received Import Request.
  Time since last request: 19.064580 seconds.
  path: Assets/Scenes/Level5.unity
  artifactKey: Guid(c0934e19a989e4e4e9bc91433a18b931) Importer(815301076,1909f56bfc062723c751e8b465ee728b)
Start importing Assets/Scenes/Level5.unity using Guid(c0934e19a989e4e4e9bc91433a18b931) Importer(815301076,1909f56bfc062723c751e8b465ee728b)  -> (artifact id: '21b1f9eb242b0cdadfa5e6df0bb8cf09') in 0.023619 seconds
  Import took 0.031841 seconds .

========================================================================
Received Import Request.
  Time since last request: 0.003526 seconds.
  path: Assets/Scenes/Level5.unity
  artifactKey: Guid(c0934e19a989e4e4e9bc91433a18b931) Importer(815301076,1909f56bfc062723c751e8b465ee728b)
Start importing Assets/Scenes/Level5.unity using Guid(c0934e19a989e4e4e9bc91433a18b931) Importer(815301076,1909f56bfc062723c751e8b465ee728b)  -> (artifact id: '21b1f9eb242b0cdadfa5e6df0bb8cf09') in 0.024126 seconds
  Import took 0.039761 seconds .

========================================================================
Received Prepare
Refreshing native plugins compatible for Editor in 2.92 ms, found 0 plugins.
Preloading 0 native plugins for Editor in 0.00 ms.
Unloading 2 Unused Serialized files (Serialized files now loaded: 0)
System memory in use before: 41.0 MB.
System memory in use after: 41.1 MB.

Unloading 2 unused Assets to reduce memory usage. Loaded Objects now: 1830.
Total: 9.018500 ms (FindLiveObjects: 0.403000 ms CreateObjectMapping: 0.197800 ms MarkObjects: 8.303500 ms  DeleteObjects: 0.109200 ms)

========================================================================
Received Import Request.
  Time since last request: 655.876188 seconds.
  path: Assets/Scenes/_GameScene.unity
  artifactKey: Guid(1aa0525f217a3cf4ba90998375c44296) Importer(815301076,1909f56bfc062723c751e8b465ee728b)
Start importing Assets/Scenes/_GameScene.unity using Guid(1aa0525f217a3cf4ba90998375c44296) Importer(815301076,1909f56bfc062723c751e8b465ee728b)  -> (artifact id: 'd8ca400d923ffad8681938a9b4253c01') in 0.017422 seconds
  Import took 0.049923 seconds .

========================================================================
Received Import Request.
  Time since last request: 18.958616 seconds.
  path: Assets/Scenes/_LoadScene.unity
  artifactKey: Guid(e7f88b668863543469fef5ff6268cb64) Importer(815301076,1909f56bfc062723c751e8b465ee728b)
Start importing Assets/Scenes/_LoadScene.unity using Guid(e7f88b668863543469fef5ff6268cb64) Importer(815301076,1909f56bfc062723c751e8b465ee728b)  -> (artifact id: 'b843ffc95b66dc230ad16dbe716becd4') in 0.025003 seconds
  Import took 0.033015 seconds .

========================================================================
Received Prepare
Registering precompiled user dll's ...
Registered in 0.004258 seconds.
Begin MonoManager ReloadAssembly
Native extension for WindowsStandalone target not found
Refreshing native plugins compatible for Editor in 0.67 ms, found 0 plugins.
Preloading 0 native plugins for Editor in 0.00 ms.
Invoked RoslynAnalysisRunner static constructor.
RoslynAnalysisRunner will not be running.
RoslynAnalysisRunner has terminated.
Mono: successfully reloaded assembly
- Completed reload, in 13.632 seconds
Platform modules already initialized, skipping
Refreshing native plugins compatible for Editor in 1.32 ms, found 0 plugins.
Preloading 0 native plugins for Editor in 0.00 ms.
Unloading 1263 Unused Serialized files (Serialized files now loaded: 0)
System memory in use before: 65.9 MB.
System memory in use after: 66.0 MB.

Unloading 4 unused Assets to reduce memory usage. Loaded Objects now: 1833.
Total: 20.047100 ms (FindLiveObjects: 0.678700 ms CreateObjectMapping: 0.121300 ms MarkObjects: 19.064800 ms  DeleteObjects: 0.177300 ms)

========================================================================
Received Prepare
Registering precompiled user dll's ...
Registered in 0.003667 seconds.
Begin MonoManager ReloadAssembly
Native extension for WindowsStandalone target not found
Refreshing native plugins compatible for Editor in 0.56 ms, found 0 plugins.
Preloading 0 native plugins for Editor in 0.00 ms.
Invoked RoslynAnalysisRunner static constructor.
RoslynAnalysisRunner will not be running.
RoslynAnalysisRunner has terminated.
Mono: successfully reloaded assembly
- Completed reload, in  8.717 seconds
Platform modules already initialized, skipping
Refreshing native plugins compatible for Editor in 0.59 ms, found 0 plugins.
Preloading 0 native plugins for Editor in 0.00 ms.
Unloading 1263 Unused Serialized files (Serialized files now loaded: 0)
System memory in use before: 65.9 MB.
System memory in use after: 66.0 MB.

Unloading 4 unused Assets to reduce memory usage. Loaded Objects now: 1836.
Total: 46.769100 ms (FindLiveObjects: 1.100300 ms CreateObjectMapping: 0.282300 ms MarkObjects: 45.320400 ms  DeleteObjects: 0.055800 ms)

========================================================================
Received Prepare
Registering precompiled user dll's ...
Registered in 0.003297 seconds.
Begin MonoManager ReloadAssembly
Native extension for WindowsStandalone target not found
Refreshing native plugins compatible for Editor in 0.51 ms, found 0 plugins.
Preloading 0 native plugins for Editor in 0.00 ms.
Invoked RoslynAnalysisRunner static constructor.
RoslynAnalysisRunner will not be running.
RoslynAnalysisRunner has terminated.
Mono: successfully reloaded assembly
- Completed reload, in  2.303 seconds
Platform modules already initialized, skipping
Refreshing native plugins compatible for Editor in 0.79 ms, found 0 plugins.
Preloading 0 native plugins for Editor in 0.00 ms.
Unloading 1263 Unused Serialized files (Serialized files now loaded: 0)
System memory in use before: 65.9 MB.
System memory in use after: 66.0 MB.

Unloading 4 unused Assets to reduce memory usage. Loaded Objects now: 1839.
Total: 48.499600 ms (FindLiveObjects: 0.577400 ms CreateObjectMapping: 3.962700 ms MarkObjects: 43.909100 ms  DeleteObjects: 0.045400 ms)

========================================================================
Received Prepare
Registering precompiled user dll's ...
Registered in 0.005820 seconds.
Begin MonoManager ReloadAssembly
Native extension for WindowsStandalone target not found
Refreshing native plugins compatible for Editor in 1.39 ms, found 0 plugins.
Preloading 0 native plugins for Editor in 0.00 ms.
Invoked RoslynAnalysisRunner static constructor.
RoslynAnalysisRunner will not be running.
RoslynAnalysisRunner has terminated.
Mono: successfully reloaded assembly
- Completed reload, in  7.623 seconds
Platform modules already initialized, skipping
Refreshing native plugins compatible for Editor in 0.98 ms, found 0 plugins.
Preloading 0 native plugins for Editor in 0.00 ms.
Unloading 1263 Unused Serialized files (Serialized files now loaded: 0)
System memory in use before: 65.9 MB.
System memory in use after: 66.0 MB.

Unloading 4 unused Assets to reduce memory usage. Loaded Objects now: 1842.
Total: 18.696000 ms (FindLiveObjects: 0.664900 ms CreateObjectMapping: 0.204700 ms MarkObjects: 17.732500 ms  DeleteObjects: 0.087100 ms)

========================================================================
Received Prepare
Registering precompiled user dll's ...
Registered in 0.005276 seconds.
Begin MonoManager ReloadAssembly
Native extension for WindowsStandalone target not found
Refreshing native plugins compatible for Editor in 0.56 ms, found 0 plugins.
Preloading 0 native plugins for Editor in 0.00 ms.
Invoked RoslynAnalysisRunner static constructor.
RoslynAnalysisRunner will not be running.
RoslynAnalysisRunner has terminated.
Mono: successfully reloaded assembly
- Completed reload, in  3.963 seconds
Platform modules already initialized, skipping
Refreshing native plugins compatible for Editor in 1.65 ms, found 0 plugins.
Preloading 0 native plugins for Editor in 0.00 ms.
Unloading 1263 Unused Serialized files (Serialized files now loaded: 0)
System memory in use before: 65.9 MB.
System memory in use after: 66.0 MB.

Unloading 4 unused Assets to reduce memory usage. Loaded Objects now: 1845.
Total: 7.845400 ms (FindLiveObjects: 0.377100 ms CreateObjectMapping: 0.097500 ms MarkObjects: 7.323700 ms  DeleteObjects: 0.042900 ms)

========================================================================
Received Prepare
Registering precompiled user dll's ...
Registered in 0.007867 seconds.
Begin MonoManager ReloadAssembly
Native extension for WindowsStandalone target not found
Refreshing native plugins compatible for Editor in 0.76 ms, found 0 plugins.
Preloading 0 native plugins for Editor in 0.00 ms.
Invoked RoslynAnalysisRunner static constructor.
RoslynAnalysisRunner will not be running.
RoslynAnalysisRunner has terminated.
Mono: successfully reloaded assembly
- Completed reload, in  3.050 seconds
Platform modules already initialized, skipping
Refreshing native plugins compatible for Editor in 0.53 ms, found 0 plugins.
Preloading 0 native plugins for Editor in 0.00 ms.
Unloading 1263 Unused Serialized files (Serialized files now loaded: 0)
System memory in use before: 65.9 MB.
System memory in use after: 66.0 MB.

Unloading 4 unused Assets to reduce memory usage. Loaded Objects now: 1848.
Total: 8.275100 ms (FindLiveObjects: 0.494500 ms CreateObjectMapping: 0.117900 ms MarkObjects: 7.609600 ms  DeleteObjects: 0.048400 ms)

========================================================================
Received Import Request.
  Time since last request: 580.417811 seconds.
  path: Assets/UI/load.jpg
  artifactKey: Guid(bee2070dacd3c2e43b4d3f9c8e824566) Importer(815301076,1909f56bfc062723c751e8b465ee728b)
Start importing Assets/UI/load.jpg using Guid(bee2070dacd3c2e43b4d3f9c8e824566) Importer(815301076,1909f56bfc062723c751e8b465ee728b)  -> (artifact id: '7dc1de6f27f574aae8f0526893900791') in 0.374927 seconds
  Import took 0.389994 seconds .

========================================================================
Received Import Request.
  Time since last request: 0.003888 seconds.
  path: Assets/UI/load.jpg
  artifactKey: Guid(bee2070dacd3c2e43b4d3f9c8e824566) Importer(815301076,1909f56bfc062723c751e8b465ee728b)
Start importing Assets/UI/load.jpg using Guid(bee2070dacd3c2e43b4d3f9c8e824566) Importer(815301076,1909f56bfc062723c751e8b465ee728b)  -> (artifact id: '7dc1de6f27f574aae8f0526893900791') in 0.096198 seconds
  Import took 0.109629 seconds .

========================================================================
Received Import Request.
  Time since last request: 20.082418 seconds.
  path: Assets/UI/load.jpg
  artifactKey: Guid(bee2070dacd3c2e43b4d3f9c8e824566) Importer(815301076,1909f56bfc062723c751e8b465ee728b)
Start importing Assets/UI/load.jpg using Guid(bee2070dacd3c2e43b4d3f9c8e824566) Importer(815301076,1909f56bfc062723c751e8b465ee728b)  -> (artifact id: 'f59b5fad1af5f90578f5015f3da28da2') in 0.161338 seconds
  Import took 0.167890 seconds .

========================================================================
Received Import Request.
  Time since last request: 78.453803 seconds.
  path: Assets/UI/load.jpg
  artifactKey: Guid(bee2070dacd3c2e43b4d3f9c8e824566) Importer(815301076,1909f56bfc062723c751e8b465ee728b)
Start importing Assets/UI/load.jpg using Guid(bee2070dacd3c2e43b4d3f9c8e824566) Importer(815301076,1909f56bfc062723c751e8b465ee728b)  -> (artifact id: '8a61a15579fa0ea2996db2d8296db2a3') in 0.086803 seconds
  Import took 0.109499 seconds .

========================================================================
Received Prepare
Registering precompiled user dll's ...
Registered in 0.003545 seconds.
Begin MonoManager ReloadAssembly
Native extension for WindowsStandalone target not found
Refreshing native plugins compatible for Editor in 0.50 ms, found 0 plugins.
Preloading 0 native plugins for Editor in 0.00 ms.
Invoked RoslynAnalysisRunner static constructor.
RoslynAnalysisRunner will not be running.
RoslynAnalysisRunner has terminated.
Mono: successfully reloaded assembly
- Completed reload, in  1.805 seconds
Platform modules already initialized, skipping
Refreshing native plugins compatible for Editor in 0.64 ms, found 0 plugins.
Preloading 0 native plugins for Editor in 0.00 ms.
Unloading 1263 Unused Serialized files (Serialized files now loaded: 0)
System memory in use before: 65.9 MB.
System memory in use after: 66.0 MB.

Unloading 4 unused Assets to reduce memory usage. Loaded Objects now: 1854.
Total: 6.839500 ms (FindLiveObjects: 0.528300 ms CreateObjectMapping: 0.098700 ms MarkObjects: 6.163500 ms  DeleteObjects: 0.044500 ms)

AssetImportWorkerClient::OnTransportError - code=2 error=End of file
